This file contains any messages produced by compilers while
running configure, to aid debugging if configure makes a mistake.

It was created by shc configure 3.9.3a3, which was
generated by GNU Autoconf 2.69.  Invocation command line was

  $ ./configure 

## --------- ##
## Platform. ##
## --------- ##

hostname = envieid0cs-MBP.io
uname -m = x86_64
uname -r = 15.6.0
uname -s = Darwin
uname -v = Darwin Kernel Version 15.6.0: Thu Jun 23 18:48:19 PDT 2016; root:xnu-3248.60.10~2/RELEASE_X86_64

/usr/bin/uname -p = i386
/bin/uname -X     = unknown

/bin/arch              = unknown
/usr/bin/arch -k       = unknown
/usr/convex/getsysinfo = unknown
/usr/bin/hostinfo      = Mach kernel version:
	 Darwin Kernel Version 15.6.0: Thu Jun 23 18:48:19 PDT 2016; root:xnu-3248.60.10~2/RELEASE_X86_64
Kernel configured for up to 4 processors.
2 processors are physically available.
4 processors are logically available.
Processor type: x86_64h (Intel x86-64h Haswell)
Processors active: 0 1 2 3
Primary memory available: 8.00 gigabytes
Default processor set: 251 tasks, 1087 threads, 4 processors
Load average: 2.09, Mach factor: 1.95
/bin/machine           = unknown
/usr/bin/oslevel       = unknown
/bin/universe          = unknown

PATH: /usr/local/bin
PATH: /usr/bin
PATH: /bin
PATH: /usr/sbin
PATH: /sbin


## ----------- ##
## Core tests. ##
## ----------- ##

configure:2254: checking for a BSD-compatible install
configure:2322: result: /usr/bin/install -c
configure:2333: checking whether build environment is sane
configure:2388: result: yes
configure:2539: checking for a thread-safe mkdir -p
configure:2578: result: config/install-sh -c -d
configure:2585: checking for gawk
configure:2615: result: no
configure:2585: checking for mawk
configure:2615: result: no
configure:2585: checking for nawk
configure:2615: result: no
configure:2585: checking for awk
configure:2601: found /usr/bin/awk
configure:2612: result: awk
configure:2623: checking whether make sets $(MAKE)
configure:2645: result: yes
configure:2674: checking whether make supports nested variables
configure:2691: result: yes
configure:2867: checking for gcc
configure:2883: found /usr/bin/gcc
configure:2894: result: gcc
configure:3123: checking for C compiler version
configure:3132: gcc --version >&5
Apple LLVM version 7.3.0 (clang-703.0.31)
Target: x86_64-apple-darwin15.6.0
Thread model: posix
InstalledDir: /Applications/Xcode.app/Contents/Developer/Toolchains/XcodeDefault.xctoolchain/usr/bin
Configured with: --prefix=/Applications/Xcode.app/Contents/Developer/usr --with-gxx-include-dir=/usr/include/c++/4.2.1
configure:3143: $? = 0
configure:3132: gcc -v >&5
Configured with: --prefix=/Applications/Xcode.app/Contents/Developer/usr --with-gxx-include-dir=/usr/include/c++/4.2.1
Apple LLVM version 7.3.0 (clang-703.0.31)
Target: x86_64-apple-darwin15.6.0
Thread model: posix
InstalledDir: /Applications/Xcode.app/Contents/Developer/Toolchains/XcodeDefault.xctoolchain/usr/bin
configure:3143: $? = 0
configure:3132: gcc -V >&5
clang: error: argument to '-V' is missing (expected 1 value)
clang: error: no input files
configure:3143: $? = 1
configure:3132: gcc -qversion >&5
clang: error: unknown argument: '-qversion'
clang: error: no input files
configure:3143: $? = 1
configure:3163: checking whether the C compiler works
configure:3185: gcc    conftest.c  >&5
configure:3189: $? = 0
configure:3237: result: yes
configure:3240: checking for C compiler default output file name
configure:3242: result: a.out
configure:3248: checking for suffix of executables
configure:3255: gcc -o conftest    conftest.c  >&5
configure:3259: $? = 0
configure:3281: result: 
configure:3303: checking whether we are cross compiling
configure:3311: gcc -o conftest    conftest.c  >&5
configure:3315: $? = 0
configure:3322: ./conftest
configure:3326: $? = 0
configure:3341: result: no
configure:3346: checking for suffix of object files
configure:3368: gcc -c   conftest.c >&5
configure:3372: $? = 0
configure:3393: result: o
configure:3397: checking whether we are using the GNU C compiler
configure:3416: gcc -c   conftest.c >&5
configure:3416: $? = 0
configure:3425: result: yes
configure:3434: checking whether gcc accepts -g
configure:3454: gcc -c -g  conftest.c >&5
configure:3454: $? = 0
configure:3495: result: yes
configure:3512: checking for gcc option to accept ISO C89
configure:3575: gcc  -c -g -O2  conftest.c >&5
configure:3575: $? = 0
configure:3588: result: none needed
configure:3613: checking whether gcc understands -c and -o together
configure:3635: gcc -c conftest.c -o conftest2.o
configure:3638: $? = 0
configure:3635: gcc -c conftest.c -o conftest2.o
configure:3638: $? = 0
configure:3650: result: yes
configure:3678: checking for style of include used by make
configure:3706: result: GNU
configure:3732: checking dependency style of gcc
configure:3843: result: gcc3
configure:3869: checking how to run the C preprocessor
configure:3900: gcc -E  conftest.c
configure:3900: $? = 0
configure:3914: gcc -E  conftest.c
conftest.c:11:10: fatal error: 'ac_nonexistent.h' file not found
#include <ac_nonexistent.h>
         ^
1 error generated.
configure:3914: $? = 1
configure: failed program was:
| /* confdefs.h */
| #define PACKAGE_NAME "shc"
| #define PACKAGE_TARNAME "shc"
| #define PACKAGE_VERSION "3.9.3a3"
| #define PACKAGE_STRING "shc 3.9.3a3"
| #define PACKAGE_BUGREPORT "http://github.com/neurobin/shc/issues"
| #define PACKAGE_URL ""
| #define PACKAGE "shc"
| #define VERSION "3.9.3a3"
| /* end confdefs.h.  */
| #include <ac_nonexistent.h>
configure:3939: result: gcc -E
configure:3959: gcc -E  conftest.c
configure:3959: $? = 0
configure:3973: gcc -E  conftest.c
conftest.c:11:10: fatal error: 'ac_nonexistent.h' file not found
#include <ac_nonexistent.h>
         ^
1 error generated.
configure:3973: $? = 1
configure: failed program was:
| /* confdefs.h */
| #define PACKAGE_NAME "shc"
| #define PACKAGE_TARNAME "shc"
| #define PACKAGE_VERSION "3.9.3a3"
| #define PACKAGE_STRING "shc 3.9.3a3"
| #define PACKAGE_BUGREPORT "http://github.com/neurobin/shc/issues"
| #define PACKAGE_URL ""
| #define PACKAGE "shc"
| #define VERSION "3.9.3a3"
| /* end confdefs.h.  */
| #include <ac_nonexistent.h>
configure:4002: checking for grep that handles long lines and -e
configure:4060: result: /usr/bin/grep
configure:4065: checking for egrep
configure:4127: result: /usr/bin/grep -E
configure:4132: checking for ANSI C header files
configure:4152: gcc -c -g -O2  conftest.c >&5
configure:4152: $? = 0
configure:4225: gcc -o conftest -g -O2   conftest.c  >&5
configure:4225: $? = 0
configure:4225: ./conftest
configure:4225: $? = 0
configure:4236: result: yes
configure:4249: checking for sys/types.h
configure:4249: gcc -c -g -O2  conftest.c >&5
configure:4249: $? = 0
configure:4249: result: yes
configure:4249: checking for sys/stat.h
configure:4249: gcc -c -g -O2  conftest.c >&5
configure:4249: $? = 0
configure:4249: result: yes
configure:4249: checking for stdlib.h
configure:4249: gcc -c -g -O2  conftest.c >&5
configure:4249: $? = 0
configure:4249: result: yes
configure:4249: checking for string.h
configure:4249: gcc -c -g -O2  conftest.c >&5
configure:4249: $? = 0
configure:4249: result: yes
configure:4249: checking for memory.h
configure:4249: gcc -c -g -O2  conftest.c >&5
configure:4249: $? = 0
configure:4249: result: yes
configure:4249: checking for strings.h
configure:4249: gcc -c -g -O2  conftest.c >&5
configure:4249: $? = 0
configure:4249: result: yes
configure:4249: checking for inttypes.h
configure:4249: gcc -c -g -O2  conftest.c >&5
configure:4249: $? = 0
configure:4249: result: yes
configure:4249: checking for stdint.h
configure:4249: gcc -c -g -O2  conftest.c >&5
configure:4249: $? = 0
configure:4249: result: yes
configure:4249: checking for unistd.h
configure:4249: gcc -c -g -O2  conftest.c >&5
configure:4249: $? = 0
configure:4249: result: yes
configure:4264: checking fcntl.h usability
configure:4264: gcc -c -g -O2  conftest.c >&5
configure:4264: $? = 0
configure:4264: result: yes
configure:4264: checking fcntl.h presence
configure:4264: gcc -E  conftest.c
configure:4264: $? = 0
configure:4264: result: yes
configure:4264: checking for fcntl.h
configure:4264: result: yes
configure:4264: checking for stdlib.h
configure:4264: result: yes
configure:4264: checking for string.h
configure:4264: result: yes
configure:4264: checking for unistd.h
configure:4264: result: yes
configure:4276: checking for struct stat.st_rdev
configure:4276: gcc -c -g -O2  conftest.c >&5
configure:4276: $? = 0
configure:4276: result: yes
configure:4290: checking for stdlib.h
configure:4290: result: yes
configure:4300: checking for GNU libc compatible malloc
configure:4324: gcc -o conftest -g -O2   conftest.c  >&5
configure:4324: $? = 0
configure:4324: ./conftest
configure:4324: $? = 0
configure:4334: result: yes
configure:4355: checking whether time.h and sys/time.h may both be included
configure:4375: gcc -c -g -O2  conftest.c >&5
configure:4375: $? = 0
configure:4382: result: yes
configure:4396: checking for sys/time.h
configure:4396: gcc -c -g -O2  conftest.c >&5
configure:4396: $? = 0
configure:4396: result: yes
configure:4396: checking for unistd.h
configure:4396: result: yes
configure:4417: checking for alarm
configure:4417: gcc -o conftest -g -O2   conftest.c  >&5
configure:4417: $? = 0
configure:4417: result: yes
configure:4430: checking for working mktime
configure:4632: gcc -o conftest -g -O2   conftest.c  >&5
configure:4632: $? = 0
configure:4632: ./conftest
configure:4632: $? = 1
configure: program exited with status 1
configure: failed program was:
| /* confdefs.h */
| #define PACKAGE_NAME "shc"
| #define PACKAGE_TARNAME "shc"
| #define PACKAGE_VERSION "3.9.3a3"
| #define PACKAGE_STRING "shc 3.9.3a3"
| #define PACKAGE_BUGREPORT "http://github.com/neurobin/shc/issues"
| #define PACKAGE_URL ""
| #define PACKAGE "shc"
| #define VERSION "3.9.3a3"
| #define STDC_HEADERS 1
| #define HAVE_SYS_TYPES_H 1
| #define HAVE_SYS_STAT_H 1
| #define HAVE_STDLIB_H 1
| #define HAVE_STRING_H 1
| #define HAVE_MEMORY_H 1
| #define HAVE_STRINGS_H 1
| #define HAVE_INTTYPES_H 1
| #define HAVE_STDINT_H 1
| #define HAVE_UNISTD_H 1
| #define HAVE_FCNTL_H 1
| #define HAVE_STDLIB_H 1
| #define HAVE_STRING_H 1
| #define HAVE_UNISTD_H 1
| #define HAVE_STRUCT_STAT_ST_RDEV 1
| #define HAVE_STDLIB_H 1
| #define HAVE_MALLOC 1
| #define TIME_WITH_SYS_TIME 1
| #define HAVE_SYS_TIME_H 1
| #define HAVE_UNISTD_H 1
| #define HAVE_ALARM 1
| /* end confdefs.h.  */
| /* Test program from Paul Eggert and Tony Leneis.  */
| #ifdef TIME_WITH_SYS_TIME
| # include <sys/time.h>
| # include <time.h>
| #else
| # ifdef HAVE_SYS_TIME_H
| #  include <sys/time.h>
| # else
| #  include <time.h>
| # endif
| #endif
| 
| #include <limits.h>
| #include <stdlib.h>
| 
| #ifdef HAVE_UNISTD_H
| # include <unistd.h>
| #endif
| 
| #ifndef HAVE_ALARM
| # define alarm(X) /* empty */
| #endif
| 
| /* Work around redefinition to rpl_putenv by other config tests.  */
| #undef putenv
| 
| static time_t time_t_max;
| static time_t time_t_min;
| 
| /* Values we'll use to set the TZ environment variable.  */
| static const char *tz_strings[] = {
|   (const char *) 0, "TZ=GMT0", "TZ=JST-9",
|   "TZ=EST+3EDT+2,M10.1.0/00:00:00,M2.3.0/00:00:00"
| };
| #define N_STRINGS (sizeof (tz_strings) / sizeof (tz_strings[0]))
| 
| /* Return 0 if mktime fails to convert a date in the spring-forward gap.
|    Based on a problem report from Andreas Jaeger.  */
| static int
| spring_forward_gap ()
| {
|   /* glibc (up to about 1998-10-07) failed this test. */
|   struct tm tm;
| 
|   /* Use the portable POSIX.1 specification "TZ=PST8PDT,M4.1.0,M10.5.0"
|      instead of "TZ=America/Vancouver" in order to detect the bug even
|      on systems that don't support the Olson extension, or don't have the
|      full zoneinfo tables installed.  */
|   putenv ((char*) "TZ=PST8PDT,M4.1.0,M10.5.0");
| 
|   tm.tm_year = 98;
|   tm.tm_mon = 3;
|   tm.tm_mday = 5;
|   tm.tm_hour = 2;
|   tm.tm_min = 0;
|   tm.tm_sec = 0;
|   tm.tm_isdst = -1;
|   return mktime (&tm) != (time_t) -1;
| }
| 
| static int
| mktime_test1 (time_t now)
| {
|   struct tm *lt;
|   return ! (lt = localtime (&now)) || mktime (lt) == now;
| }
| 
| static int
| mktime_test (time_t now)
| {
|   return (mktime_test1 (now)
| 	  && mktime_test1 ((time_t) (time_t_max - now))
| 	  && mktime_test1 ((time_t) (time_t_min + now)));
| }
| 
| static int
| irix_6_4_bug ()
| {
|   /* Based on code from Ariel Faigon.  */
|   struct tm tm;
|   tm.tm_year = 96;
|   tm.tm_mon = 3;
|   tm.tm_mday = 0;
|   tm.tm_hour = 0;
|   tm.tm_min = 0;
|   tm.tm_sec = 0;
|   tm.tm_isdst = -1;
|   mktime (&tm);
|   return tm.tm_mon == 2 && tm.tm_mday == 31;
| }
| 
| static int
| bigtime_test (int j)
| {
|   struct tm tm;
|   time_t now;
|   tm.tm_year = tm.tm_mon = tm.tm_mday = tm.tm_hour = tm.tm_min = tm.tm_sec = j;
|   now = mktime (&tm);
|   if (now != (time_t) -1)
|     {
|       struct tm *lt = localtime (&now);
|       if (! (lt
| 	     && lt->tm_year == tm.tm_year
| 	     && lt->tm_mon == tm.tm_mon
| 	     && lt->tm_mday == tm.tm_mday
| 	     && lt->tm_hour == tm.tm_hour
| 	     && lt->tm_min == tm.tm_min
| 	     && lt->tm_sec == tm.tm_sec
| 	     && lt->tm_yday == tm.tm_yday
| 	     && lt->tm_wday == tm.tm_wday
| 	     && ((lt->tm_isdst < 0 ? -1 : 0 < lt->tm_isdst)
| 		  == (tm.tm_isdst < 0 ? -1 : 0 < tm.tm_isdst))))
| 	return 0;
|     }
|   return 1;
| }
| 
| static int
| year_2050_test ()
| {
|   /* The correct answer for 2050-02-01 00:00:00 in Pacific time,
|      ignoring leap seconds.  */
|   unsigned long int answer = 2527315200UL;
| 
|   struct tm tm;
|   time_t t;
|   tm.tm_year = 2050 - 1900;
|   tm.tm_mon = 2 - 1;
|   tm.tm_mday = 1;
|   tm.tm_hour = tm.tm_min = tm.tm_sec = 0;
|   tm.tm_isdst = -1;
| 
|   /* Use the portable POSIX.1 specification "TZ=PST8PDT,M4.1.0,M10.5.0"
|      instead of "TZ=America/Vancouver" in order to detect the bug even
|      on systems that don't support the Olson extension, or don't have the
|      full zoneinfo tables installed.  */
|   putenv ((char*) "TZ=PST8PDT,M4.1.0,M10.5.0");
| 
|   t = mktime (&tm);
| 
|   /* Check that the result is either a failure, or close enough
|      to the correct answer that we can assume the discrepancy is
|      due to leap seconds.  */
|   return (t == (time_t) -1
| 	  || (0 < t && answer - 120 <= t && t <= answer + 120));
| }
| 
| int
| main ()
| {
|   time_t t, delta;
|   int i, j;
| 
|   /* This test makes some buggy mktime implementations loop.
|      Give up after 60 seconds; a mktime slower than that
|      isn't worth using anyway.  */
|   alarm (60);
| 
|   for (;;)
|     {
|       t = (time_t_max << 1) + 1;
|       if (t <= time_t_max)
| 	break;
|       time_t_max = t;
|     }
|   time_t_min = - ((time_t) ~ (time_t) 0 == (time_t) -1) - time_t_max;
| 
|   delta = time_t_max / 997; /* a suitable prime number */
|   for (i = 0; i < N_STRINGS; i++)
|     {
|       if (tz_strings[i])
| 	putenv ((char*) tz_strings[i]);
| 
|       for (t = 0; t <= time_t_max - delta; t += delta)
| 	if (! mktime_test (t))
| 	  return 1;
|       if (! (mktime_test ((time_t) 1)
| 	     && mktime_test ((time_t) (60 * 60))
| 	     && mktime_test ((time_t) (60 * 60 * 24))))
| 	return 1;
| 
|       for (j = 1; ; j <<= 1)
| 	if (! bigtime_test (j))
| 	  return 1;
| 	else if (INT_MAX / 2 < j)
| 	  break;
|       if (! bigtime_test (INT_MAX))
| 	return 1;
|     }
|   return ! (irix_6_4_bug () && spring_forward_gap () && year_2050_test ());
| }
configure:4642: result: no
configure:4655: checking for stdlib.h
configure:4655: result: yes
configure:4665: checking for GNU libc compatible realloc
configure:4689: gcc -o conftest -g -O2   conftest.c  >&5
configure:4689: $? = 0
configure:4689: ./conftest
configure:4689: $? = 0
configure:4699: result: yes
configure:4723: checking for memset
configure:4723: gcc -o conftest -g -O2   conftest.c  >&5
conftest.c:57:6: warning: incompatible redeclaration of library function 'memset' [-Wincompatible-library-redeclaration]
char memset ();
     ^
conftest.c:57:6: note: 'memset' is a builtin with type 'void *(void *, int, unsigned long)'
1 warning generated.
configure:4723: $? = 0
configure:4723: result: yes
configure:4723: checking for putenv
configure:4723: gcc -o conftest -g -O2   conftest.c  >&5
configure:4723: $? = 0
configure:4723: result: yes
configure:4723: checking for strchr
configure:4723: gcc -o conftest -g -O2   conftest.c  >&5
conftest.c:59:6: warning: incompatible redeclaration of library function 'strchr' [-Wincompatible-library-redeclaration]
char strchr ();
     ^
conftest.c:59:6: note: 'strchr' is a builtin with type 'char *(const char *, int)'
1 warning generated.
configure:4723: $? = 0
configure:4723: result: yes
configure:4723: checking for strdup
configure:4723: gcc -o conftest -g -O2   conftest.c  >&5
conftest.c:60:6: warning: incompatible redeclaration of library function 'strdup' [-Wincompatible-library-redeclaration]
char strdup ();
     ^
conftest.c:60:6: note: 'strdup' is a builtin with type 'char *(const char *)'
1 warning generated.
configure:4723: $? = 0
configure:4723: result: yes
configure:4723: checking for strrchr
configure:4723: gcc -o conftest -g -O2   conftest.c  >&5
conftest.c:61:6: warning: incompatible redeclaration of library function 'strrchr' [-Wincompatible-library-redeclaration]
char strrchr ();
     ^
conftest.c:61:6: note: 'strrchr' is a builtin with type 'char *(const char *, int)'
1 warning generated.
configure:4723: $? = 0
configure:4723: result: yes
configure:4881: checking that generated files are newer than configure
configure:4887: result: done
configure:4910: creating ./config.status

## ---------------------- ##
## Running config.status. ##
## ---------------------- ##

This file was extended by shc config.status 3.9.3a3, which was
generated by GNU Autoconf 2.69.  Invocation command line was

  CONFIG_FILES    = 
  CONFIG_HEADERS  = 
  CONFIG_LINKS    = 
  CONFIG_COMMANDS = 
  $ ./config.status 

on envieid0cs-MBP.io

config.status:780: creating Makefile
config.status:780: creating src/Makefile
config.status:952: executing depfiles commands

## ---------------- ##
## Cache variables. ##
## ---------------- ##

ac_cv_c_compiler_gnu=yes
ac_cv_env_CC_set=
ac_cv_env_CC_value=
ac_cv_env_CFLAGS_set=
ac_cv_env_CFLAGS_value=
ac_cv_env_CPPFLAGS_set=
ac_cv_env_CPPFLAGS_value=
ac_cv_env_CPP_set=
ac_cv_env_CPP_value=
ac_cv_env_LDFLAGS_set=
ac_cv_env_LDFLAGS_value=
ac_cv_env_LIBS_set=
ac_cv_env_LIBS_value=
ac_cv_env_build_alias_set=
ac_cv_env_build_alias_value=
ac_cv_env_host_alias_set=
ac_cv_env_host_alias_value=
ac_cv_env_target_alias_set=
ac_cv_env_target_alias_value=
ac_cv_func_alarm=yes
ac_cv_func_malloc_0_nonnull=yes
ac_cv_func_memset=yes
ac_cv_func_putenv=yes
ac_cv_func_realloc_0_nonnull=yes
ac_cv_func_strchr=yes
ac_cv_func_strdup=yes
ac_cv_func_strrchr=yes
ac_cv_func_working_mktime=no
ac_cv_header_fcntl_h=yes
ac_cv_header_inttypes_h=yes
ac_cv_header_memory_h=yes
ac_cv_header_stdc=yes
ac_cv_header_stdint_h=yes
ac_cv_header_stdlib_h=yes
ac_cv_header_string_h=yes
ac_cv_header_strings_h=yes
ac_cv_header_sys_stat_h=yes
ac_cv_header_sys_time_h=yes
ac_cv_header_sys_types_h=yes
ac_cv_header_time=yes
ac_cv_header_unistd_h=yes
ac_cv_member_struct_stat_st_rdev=yes
ac_cv_objext=o
ac_cv_path_EGREP='/usr/bin/grep -E'
ac_cv_path_GREP=/usr/bin/grep
ac_cv_path_install='/usr/bin/install -c'
ac_cv_prog_AWK=awk
ac_cv_prog_CPP='gcc -E'
ac_cv_prog_ac_ct_CC=gcc
ac_cv_prog_cc_c89=
ac_cv_prog_cc_g=yes
ac_cv_prog_make_make_set=yes
am_cv_CC_dependencies_compiler_type=gcc3
am_cv_make_support_nested_variables=yes
am_cv_prog_cc_c_o=yes

## ----------------- ##
## Output variables. ##
## ----------------- ##

ACLOCAL='${SHELL} /Users/envieid0c/github/shc/config/missing aclocal-1.15'
AMDEPBACKSLASH='\'
AMDEP_FALSE='#'
AMDEP_TRUE=''
AMTAR='$${TAR-tar}'
AM_BACKSLASH='\'
AM_DEFAULT_V='$(AM_DEFAULT_VERBOSITY)'
AM_DEFAULT_VERBOSITY='1'
AM_V='$(V)'
AUTOCONF='${SHELL} /Users/envieid0c/github/shc/config/missing autoconf'
AUTOHEADER='${SHELL} /Users/envieid0c/github/shc/config/missing autoheader'
AUTOMAKE='${SHELL} /Users/envieid0c/github/shc/config/missing automake-1.15'
AWK='awk'
CC='gcc'
CCDEPMODE='depmode=gcc3'
CFLAGS='-g -O2'
CPP='gcc -E'
CPPFLAGS=''
CYGPATH_W='echo'
DEFS='-DPACKAGE_NAME=\"shc\" -DPACKAGE_TARNAME=\"shc\" -DPACKAGE_VERSION=\"3.9.3a3\" -DPACKAGE_STRING=\"shc\ 3.9.3a3\" -DPACKAGE_BUGREPORT=\"http://github.com/neurobin/shc/issues\" -DPACKAGE_URL=\"\" -DPACKAGE=\"shc\" -DVERSION=\"3.9.3a3\" -DSTDC_HEADERS=1 -DHAVE_SYS_TYPES_H=1 -DHAVE_SYS_STAT_H=1 -DHAVE_STDLIB_H=1 -DHAVE_STRING_H=1 -DHAVE_MEMORY_H=1 -DHAVE_STRINGS_H=1 -DHAVE_INTTYPES_H=1 -DHAVE_STDINT_H=1 -DHAVE_UNISTD_H=1 -DHAVE_FCNTL_H=1 -DHAVE_STDLIB_H=1 -DHAVE_STRING_H=1 -DHAVE_UNISTD_H=1 -DHAVE_STRUCT_STAT_ST_RDEV=1 -DHAVE_STDLIB_H=1 -DHAVE_MALLOC=1 -DTIME_WITH_SYS_TIME=1 -DHAVE_SYS_TIME_H=1 -DHAVE_UNISTD_H=1 -DHAVE_ALARM=1 -DHAVE_STDLIB_H=1 -DHAVE_REALLOC=1 -DHAVE_MEMSET=1 -DHAVE_PUTENV=1 -DHAVE_STRCHR=1 -DHAVE_STRDUP=1 -DHAVE_STRRCHR=1'
DEPDIR='.deps'
ECHO_C='\c'
ECHO_N=''
ECHO_T=''
EGREP='/usr/bin/grep -E'
EXEEXT=''
GREP='/usr/bin/grep'
INSTALL_DATA='${INSTALL} -m 644'
INSTALL_PROGRAM='${INSTALL}'
INSTALL_SCRIPT='${INSTALL}'
INSTALL_STRIP_PROGRAM='$(install_sh) -c -s'
LDFLAGS=''
LIBOBJS=' ${LIBOBJDIR}mktime$U.o'
LIBS=''
LTLIBOBJS=' ${LIBOBJDIR}mktime$U.lo'
MAKEINFO='${SHELL} /Users/envieid0c/github/shc/config/missing makeinfo'
MKDIR_P='config/install-sh -c -d'
OBJEXT='o'
PACKAGE='shc'
PACKAGE_BUGREPORT='http://github.com/neurobin/shc/issues'
PACKAGE_NAME='shc'
PACKAGE_STRING='shc 3.9.3a3'
PACKAGE_TARNAME='shc'
PACKAGE_URL=''
PACKAGE_VERSION='3.9.3a3'
PATH_SEPARATOR=':'
SET_MAKE=''
SHELL='/bin/sh'
STRIP=''
VERSION='3.9.3a3'
ac_ct_CC='gcc'
am__EXEEXT_FALSE=''
am__EXEEXT_TRUE='#'
am__fastdepCC_FALSE='#'
am__fastdepCC_TRUE=''
am__include='include'
am__isrc=''
am__leading_dot='.'
am__nodep='_no'
am__quote=''
am__tar='$${TAR-tar} chof - "$$tardir"'
am__untar='$${TAR-tar} xf -'
bindir='${exec_prefix}/bin'
build_alias=''
datadir='${datarootdir}'
datarootdir='${prefix}/share'
docdir='${datarootdir}/doc/${PACKAGE_TARNAME}'
dvidir='${docdir}'
exec_prefix='${prefix}'
host_alias=''
htmldir='${docdir}'
includedir='${prefix}/include'
infodir='${datarootdir}/info'
install_sh='${SHELL} /Users/envieid0c/github/shc/config/install-sh'
libdir='${exec_prefix}/lib'
libexecdir='${exec_prefix}/libexec'
localedir='${datarootdir}/locale'
localstatedir='${prefix}/var'
mandir='${datarootdir}/man'
mkdir_p='$(MKDIR_P)'
oldincludedir='/usr/include'
pdfdir='${docdir}'
prefix='/usr/local'
program_transform_name='s,x,x,'
psdir='${docdir}'
sbindir='${exec_prefix}/sbin'
sharedstatedir='${prefix}/com'
sysconfdir='${prefix}/etc'
target_alias=''

## ----------- ##
## confdefs.h. ##
## ----------- ##

/* confdefs.h */
#define PACKAGE_NAME "shc"
#define PACKAGE_TARNAME "shc"
#define PACKAGE_VERSION "3.9.3a3"
#define PACKAGE_STRING "shc 3.9.3a3"
#define PACKAGE_BUGREPORT "http://github.com/neurobin/shc/issues"
#define PACKAGE_URL ""
#define PACKAGE "shc"
#define VERSION "3.9.3a3"
#define STDC_HEADERS 1
#define HAVE_SYS_TYPES_H 1
#define HAVE_SYS_STAT_H 1
#define HAVE_STDLIB_H 1
#define HAVE_STRING_H 1
#define HAVE_MEMORY_H 1
#define HAVE_STRINGS_H 1
#define HAVE_INTTYPES_H 1
#define HAVE_STDINT_H 1
#define HAVE_UNISTD_H 1
#define HAVE_FCNTL_H 1
#define HAVE_STDLIB_H 1
#define HAVE_STRING_H 1
#define HAVE_UNISTD_H 1
#define HAVE_STRUCT_STAT_ST_RDEV 1
#define HAVE_STDLIB_H 1
#define HAVE_MALLOC 1
#define TIME_WITH_SYS_TIME 1
#define HAVE_SYS_TIME_H 1
#define HAVE_UNISTD_H 1
#define HAVE_ALARM 1
#define HAVE_STDLIB_H 1
#define HAVE_REALLOC 1
#define HAVE_MEMSET 1
#define HAVE_PUTENV 1
#define HAVE_STRCHR 1
#define HAVE_STRDUP 1
#define HAVE_STRRCHR 1

configure: exit 0
